<?xml version="1.0" encoding="UTF-8"?>
<testsuite name="TestSuite" time="1.604" tests="1" errors="0" skipped="0" failures="1">
  <properties>
    <property name="java.runtime.name" value="Java(TM) SE Runtime Environment"/>
    <property name="sun.boot.library.path" value="C:\Program Files\Java\jdk1.8.0_201\jre\bin"/>
    <property name="java.vm.version" value="25.201-b09"/>
    <property name="java.vm.vendor" value="Oracle Corporation"/>
    <property name="maven.multiModuleProjectDirectory" value="C:\Users\HPARVEEN\Desktop\Workspace\Phase3_Project"/>
    <property name="java.vendor.url" value="http://java.oracle.com/"/>
    <property name="path.separator" value=";"/>
    <property name="guice.disable.misplaced.annotation.check" value="true"/>
    <property name="java.vm.name" value="Java HotSpot(TM) 64-Bit Server VM"/>
    <property name="file.encoding.pkg" value="sun.io"/>
    <property name="user.script" value=""/>
    <property name="user.country" value="US"/>
    <property name="sun.java.launcher" value="SUN_STANDARD"/>
    <property name="sun.os.patch.level" value=""/>
    <property name="java.vm.specification.name" value="Java Virtual Machine Specification"/>
    <property name="user.dir" value="C:\Users\HPARVEEN\Desktop\Workspace\Phase3_Project"/>
    <property name="java.runtime.version" value="1.8.0_201-b09"/>
    <property name="java.awt.graphicsenv" value="sun.awt.Win32GraphicsEnvironment"/>
    <property name="java.endorsed.dirs" value="C:\Program Files\Java\jdk1.8.0_201\jre\lib\endorsed"/>
    <property name="os.arch" value="amd64"/>
    <property name="java.io.tmpdir" value="C:\Users\HPARVEEN\AppData\Local\Temp\"/>
    <property name="line.separator" value="&#10;"/>
    <property name="java.vm.specification.vendor" value="Oracle Corporation"/>
    <property name="user.variant" value=""/>
    <property name="os.name" value="Windows 10"/>
    <property name="classworlds.conf" value="C:\Users\HPARVEEN\Desktop\Workspace\.metadata\.plugins\org.eclipse.m2e.launching\launches\m2conf1186034625769550885.tmp"/>
    <property name="sun.jnu.encoding" value="Cp1252"/>
    <property name="java.library.path" value="C:\Program Files\Java\jdk1.8.0_201\bin;C:\windows\Sun\Java\bin;C:\windows\system32;C:\windows;C:/Program Files/Java/jdk1.8.0_201/jre/bin/server;C:/Program Files/Java/jdk1.8.0_201/jre/bin;C:/Program Files/Java/jdk1.8.0_201/jre/lib/amd64;C:\Program Files (x86)\Common Files\Oracle\Java\javapath;C:\windows\system32;C:\windows;C:\windows\System32\Wbem;C:\windows\System32\WindowsPowerShell\v1.0\;C:\windows\System32\OpenSSH\;C:\Program Files (x86)\Symantec\VIP Access Client\;C:\Program Files\dotnet\;C:\Program Files\Git\cmd;%JAVA_HOME%\bin;C:\Users\HPARVEEN\Desktop\AutomationSimpliLearn\apache-maven-3.8.6-bin\apache-maven-3.8.6\bin;C:\Program Files\nodejs\;C:\Program Files\MySQL\MySQL Shell 8.0\bin\;C:\Program Files\MySQL\MySQL Server 8.0\bin;C:\Users\HPARVEEN\AppData\Local\Microsoft\WindowsApps;C:\Users\HPARVEEN\.dotnet\tools;C:\Program Files\Java\jdk1.8.0_201\bin;C:\Users\HPARVEEN\AppData\Local\Programs\Azure Data Studio\bin;C:\Users\HPARVEEN\AppData\Roaming\npm;C:\windows\System32;;."/>
    <property name="java.specification.name" value="Java Platform API Specification"/>
    <property name="java.class.version" value="52.0"/>
    <property name="sun.management.compiler" value="HotSpot 64-Bit Tiered Compilers"/>
    <property name="os.version" value="10.0"/>
    <property name="user.home" value="C:\Users\HPARVEEN"/>
    <property name="user.timezone" value="Asia/Calcutta"/>
    <property name="java.awt.printerjob" value="sun.awt.windows.WPrinterJob"/>
    <property name="java.specification.version" value="1.8"/>
    <property name="file.encoding" value="Cp1252"/>
    <property name="user.name" value="HPARVEEN"/>
    <property name="java.class.path" value="C:\Users\HPARVEEN\.p2\pool\plugins\org.eclipse.m2e.maven.runtime_1.8.3.20180227-2135\jars\plexus-classworlds-2.5.2.jar"/>
    <property name="java.vm.specification.version" value="1.8"/>
    <property name="sun.arch.data.model" value="64"/>
    <property name="java.home" value="C:\Program Files\Java\jdk1.8.0_201\jre"/>
    <property name="sun.java.command" value="org.codehaus.plexus.classworlds.launcher.Launcher -B test"/>
    <property name="java.specification.vendor" value="Oracle Corporation"/>
    <property name="user.language" value="en"/>
    <property name="awt.toolkit" value="sun.awt.windows.WToolkit"/>
    <property name="java.vm.info" value="mixed mode"/>
    <property name="java.version" value="1.8.0_201"/>
    <property name="java.ext.dirs" value="C:\Program Files\Java\jdk1.8.0_201\jre\lib\ext;C:\windows\Sun\Java\lib\ext"/>
    <property name="sun.boot.class.path" value="C:\Program Files\Java\jdk1.8.0_201\jre\lib\resources.jar;C:\Program Files\Java\jdk1.8.0_201\jre\lib\rt.jar;C:\Program Files\Java\jdk1.8.0_201\jre\lib\sunrsasign.jar;C:\Program Files\Java\jdk1.8.0_201\jre\lib\jsse.jar;C:\Program Files\Java\jdk1.8.0_201\jre\lib\jce.jar;C:\Program Files\Java\jdk1.8.0_201\jre\lib\charsets.jar;C:\Program Files\Java\jdk1.8.0_201\jre\lib\jfr.jar;C:\Program Files\Java\jdk1.8.0_201\jre\classes"/>
    <property name="java.vendor" value="Oracle Corporation"/>
    <property name="maven.home" value="C:\Users\HPARVEEN\Desktop\Workspace\Phase3_Project\EMBEDDED"/>
    <property name="file.separator" value="\"/>
    <property name="java.vendor.url.bug" value="http://bugreport.sun.com/bugreport/"/>
    <property name="sun.cpu.endian" value="little"/>
    <property name="sun.io.unicode.encoding" value="UnicodeLittle"/>
    <property name="sun.desktop" value="windows"/>
    <property name="sun.cpu.isalist" value="amd64"/>
  </properties>
  <testcase name="test1" classname="restAssured.EndToEndTest" time="1.604">
    <failure message="java.util.ArrayList cannot be cast to java.lang.String" type="java.lang.ClassCastException">java.lang.ClassCastException: java.util.ArrayList cannot be cast to java.lang.String
	at restAssured.EndToEndTest.test1(EndToEndTest.java:29)
</failure>
    <system-out><![CDATA[Get All Employees
[
  {
    "name": "Pankaj",
    "salary": "11000",
    "id": 1
  },
  {
    "name": "Rob",
    "salary": "3000",
    "id": 6
  },
  {
    "name": "Rob",
    "salary": "3000",
    "id": 7
  },
  {
    "name": "Rob",
    "salary": "3000",
    "id": 8
  },
  {
    "name": "Jhon",
    "salary": "3000",
    "id": 9
  },
  {
    "name": "Eshan",
    "salary": "3000",
    "id": 10
  },
  {
    "name": "Peter",
    "salary": "5000",
    "id": 11
  },
  {
    "name": "Peter",
    "salary": "5000",
    "id": 12
  },
  {
    "name": "Peter",
    "salary": "5000",
    "id": 13
  },
  {
    "name": "Peter",
    "salary": "5000",
    "id": 14
  },
  {
    "name": "Peter",
    "salary": "5000",
    "id": 15
  },
  {
    "name": "Peter",
    "salary": "5000",
    "id": 16
  },
  {
    "name": "Peter",
    "salary": "5000",
    "id": 17
  },
  {
    "name": "Peter",
    "salary": "5000",
    "id": 18
  },
  {
    "name": "Peter",
    "salary": "5000",
    "id": 19
  },
  {
    "name": "Peter",
    "salary": "5000",
    "id": 20
  },
  {
    "id": 21
  },
  {
    "Salary": "5000",
    "name": "Harsh",
    "id": 22
  },
  {
    "Salary": "5000",
    "name": "Harsh",
    "id": 23
  },
  {
    "Salary": "5000",
    "name": "Harsh",
    "id": 24
  },
  {
    "Salary": "5000",
    "name": "Harsh",
    "id": 25
  },
  {
    "Salary": "5000",
    "name": "Harsh",
    "id": 26
  },
  {
    "Salary": "5000",
    "name": "Harsh",
    "id": 27
  },
  {
    "Salary": "5000",
    "name": "Harsh",
    "id": 28
  },
  {
    "Salary": "5000",
    "name": "Harsh",
    "id": 29
  },
  {
    "Salary": "5000",
    "name": "Harsh",
    "id": 30
  },
  {
    "Salary": "5000",
    "name": "Harsh",
    "id": 31
  },
  {
    "Salary": "5000",
    "name": "Harsh",
    "id": 32
  }
]
]]></system-out>
  </testcase>
</testsuite>