<?xml version="1.0" encoding="UTF-8"?>
<!-- Generated by org.testng.reporters.JUnitReportReporter -->
<testsuite skipped="0" hostname="LTIN3096" name="restAssured.testNGFunction" tests="1" failures="0" timestamp="11 Dec 2022 05:13:01 GMT" time="1.693" errors="0">
  <testcase name="test1" time="1.693" classname="restAssured.testNGFunction"/>
</testsuite> <!-- restAssured.testNGFunction -->
